<?xml version="1.0" encoding="UTF-8"?>
<testsuites name="jest tests" tests="137" failures="0" time="6.47">
  <testsuite name="Feature: dummy feature" errors="0" failures="0" skipped="0" timestamp="2022-06-10T07:41:25" time="4.575" tests="1">
    <testcase classname="Feature: dummy feature dummy test" name="Feature: dummy feature dummy test" time="0.001">
    </testcase>
  </testsuite>
  <testsuite name="Feature: get a list of users" errors="0" failures="0" skipped="0" timestamp="2022-06-10T07:41:26" time="4.58" tests="4">
    <testcase classname="Feature: get a list of users get all users" name="Feature: get a list of users get all users" time="0.003">
    </testcase>
    <testcase classname="Feature: get a list of users get only self" name="Feature: get a list of users get only self" time="0.001">
    </testcase>
    <testcase classname="Feature: get a list of users get users with unknown filter key" name="Feature: get a list of users get users with unknown filter key" time="0.04">
    </testcase>
    <testcase classname="Feature: get a list of users get users with invalid filter key" name="Feature: get a list of users get users with invalid filter key" time="0">
    </testcase>
  </testsuite>
  <testsuite name="Feature: get a list of tasks" errors="0" failures="0" skipped="0" timestamp="2022-06-10T07:41:25" time="4.658" tests="12">
    <testcase classname="Feature: get a list of tasks get all tasks" name="Feature: get a list of tasks get all tasks" time="0.011">
    </testcase>
    <testcase classname="Feature: get a list of tasks get a task by an id" name="Feature: get a list of tasks get a task by an id" time="0.002">
    </testcase>
    <testcase classname="Feature: get a list of tasks get a task by an unknown id" name="Feature: get a list of tasks get a task by an unknown id" time="0">
    </testcase>
    <testcase classname="Feature: get a list of tasks get a task by an invalid id" name="Feature: get a list of tasks get a task by an invalid id" time="0.033">
    </testcase>
    <testcase classname="Feature: get a list of tasks get tasks by filters" name="Feature: get a list of tasks get tasks by filters" time="0.001">
    </testcase>
    <testcase classname="Feature: get a list of tasks get tasks by invalid query" name="Feature: get a list of tasks get tasks by invalid query" time="0.002">
    </testcase>
    <testcase classname="Feature: save a task save some changed fields in a task" name="Feature: save a task save some changed fields in a task" time="0.003">
    </testcase>
    <testcase classname="Feature: save a task save some new labels in a task" name="Feature: save a task save some new labels in a task" time="0.004">
    </testcase>
    <testcase classname="Feature: save a task save new task without an id" name="Feature: save a task save new task without an id" time="0.001">
    </testcase>
    <testcase classname="Feature: save a task save new task in project" name="Feature: save a task save new task in project" time="0.002">
    </testcase>
    <testcase classname="Feature: delete a task delete a task" name="Feature: delete a task delete a task" time="0.001">
    </testcase>
    <testcase classname="Feature: delete a label delete a label" name="Feature: delete a label delete a label" time="0.001">
    </testcase>
  </testsuite>
  <testsuite name="Feature: get a list of jobs" errors="0" failures="0" skipped="0" timestamp="2022-06-10T07:41:26" time="4.651" tests="10">
    <testcase classname="Feature: get a list of jobs get jobs by a task id" name="Feature: get a list of jobs get jobs by a task id" time="0.005">
    </testcase>
    <testcase classname="Feature: get a list of jobs get jobs by an unknown task id" name="Feature: get a list of jobs get jobs by an unknown task id" time="0.001">
    </testcase>
    <testcase classname="Feature: get a list of jobs get jobs by a job id" name="Feature: get a list of jobs get jobs by a job id" time="0.001">
    </testcase>
    <testcase classname="Feature: get a list of jobs get jobs by an unknown job id" name="Feature: get a list of jobs get jobs by an unknown job id" time="0.001">
    </testcase>
    <testcase classname="Feature: get a list of jobs get jobs by invalid filter with both taskID and jobID" name="Feature: get a list of jobs get jobs by invalid filter with both taskID and jobID" time="0.027">
    </testcase>
    <testcase classname="Feature: get a list of jobs get jobs by invalid job id" name="Feature: get a list of jobs get jobs by invalid job id" time="0.002">
    </testcase>
    <testcase classname="Feature: get a list of jobs get jobs by invalid task id" name="Feature: get a list of jobs get jobs by invalid task id" time="0">
    </testcase>
    <testcase classname="Feature: get a list of jobs get jobs by unknown filter" name="Feature: get a list of jobs get jobs by unknown filter" time="0.001">
    </testcase>
    <testcase classname="Feature: save job save stage and state of a job" name="Feature: save job save stage and state of a job" time="0.002">
    </testcase>
    <testcase classname="Feature: save job save invalid status of a job" name="Feature: save job save invalid status of a job" time="0.024">
    </testcase>
  </testsuite>
  <testsuite name="Feature: get projects" errors="0" failures="0" skipped="0" timestamp="2022-06-10T07:41:25" time="4.635" tests="11">
    <testcase classname="Feature: get projects get all projects" name="Feature: get projects get all projects" time="0.005">
    </testcase>
    <testcase classname="Feature: get projects get project by id" name="Feature: get projects get project by id" time="0.001">
    </testcase>
    <testcase classname="Feature: get projects get a project by an unknown id" name="Feature: get projects get a project by an unknown id" time="0.001">
    </testcase>
    <testcase classname="Feature: get projects get a project by an invalid id" name="Feature: get projects get a project by an invalid id" time="0.032">
    </testcase>
    <testcase classname="Feature: get projects get projects by filters" name="Feature: get projects get projects by filters" time="0.001">
    </testcase>
    <testcase classname="Feature: get projects get projects by invalid query" name="Feature: get projects get projects by invalid query" time="0.001">
    </testcase>
    <testcase classname="Feature: save a project save some changed fields in a project" name="Feature: save a project save some changed fields in a project" time="0.007">
    </testcase>
    <testcase classname="Feature: save a project save some new labels in a project" name="Feature: save a project save some new labels in a project" time="0.002">
    </testcase>
    <testcase classname="Feature: save a project save new project without an id" name="Feature: save a project save new project without an id" time="0.001">
    </testcase>
    <testcase classname="Feature: delete a project delete a project" name="Feature: delete a project delete a project" time="0.001">
    </testcase>
    <testcase classname="Feature: delete a label delete a label" name="Feature: delete a label delete a label" time="0.001">
    </testcase>
  </testsuite>
  <testsuite name="Feature: get info about cvat" errors="0" failures="0" skipped="0" timestamp="2022-06-10T07:41:26" time="4.579" tests="7">
    <testcase classname="Feature: get info about cvat get info about server" name="Feature: get info about cvat get info about server" time="0.002">
    </testcase>
    <testcase classname="Feature: get share storage info get files in a root of a share storage" name="Feature: get share storage info get files in a root of a share storage" time="0">
    </testcase>
    <testcase classname="Feature: get share storage info get files in a some dir of a share storage" name="Feature: get share storage info get files in a some dir of a share storage" time="0.001">
    </testcase>
    <testcase classname="Feature: get share storage info get files in a some unknown dir of a share storage" name="Feature: get share storage info get files in a some unknown dir of a share storage" time="0.038">
    </testcase>
    <testcase classname="Feature: get annotation formats get annotation formats from a server" name="Feature: get annotation formats get annotation formats from a server" time="0.001">
    </testcase>
    <testcase classname="Feature: get annotation loaders get annotation formats from a server" name="Feature: get annotation loaders get annotation formats from a server" time="0.001">
    </testcase>
    <testcase classname="Feature: get annotation dumpers get annotation formats from a server" name="Feature: get annotation dumpers get annotation formats from a server" time="0">
    </testcase>
  </testsuite>
  <testsuite name="Feature: get frame meta" errors="0" failures="0" skipped="0" timestamp="2022-06-10T07:41:26" time="4.651" tests="13">
    <testcase classname="Feature: get frame meta get meta for a task" name="Feature: get frame meta get meta for a task" time="0.007">
    </testcase>
    <testcase classname="Feature: get frame meta get meta for a job" name="Feature: get frame meta get meta for a job" time="0.002">
    </testcase>
    <testcase classname="Feature: get frame meta pass frame number out of a task" name="Feature: get frame meta pass frame number out of a task" time="0.046">
    </testcase>
    <testcase classname="Feature: get frame meta pass bad frame number" name="Feature: get frame meta pass bad frame number" time="0.002">
    </testcase>
    <testcase classname="Feature: get frame meta do not pass any frame number" name="Feature: get frame meta do not pass any frame number" time="0.001">
    </testcase>
    <testcase classname="Feature: delete/restore frame delete frame from job" name="Feature: delete/restore frame delete frame from job" time="0.005">
    </testcase>
    <testcase classname="Feature: delete/restore frame restore frame from job" name="Feature: delete/restore frame restore frame from job" time="0.003">
    </testcase>
    <testcase classname="Feature: delete/restore frame delete frame from task" name="Feature: delete/restore frame delete frame from task" time="0.002">
    </testcase>
    <testcase classname="Feature: delete/restore frame restore frame from task" name="Feature: delete/restore frame restore frame from task" time="0.002">
    </testcase>
    <testcase classname="Feature: get frame data get frame data for a task" name="Feature: get frame data get frame data for a task" time="0.001">
    </testcase>
    <testcase classname="Feature: get frame data get frame data for a job" name="Feature: get frame data get frame data for a job" time="0">
    </testcase>
    <testcase classname="Feature: get frame preview get frame preview for a task" name="Feature: get frame preview get frame preview for a task" time="0.001">
    </testcase>
    <testcase classname="Feature: get frame preview get frame preview for a job" name="Feature: get frame preview get frame preview for a job" time="0">
    </testcase>
  </testsuite>
  <testsuite name="Feature: get cloud storages" errors="0" failures="0" skipped="0" timestamp="2022-06-10T07:41:25" time="4.667" tests="10">
    <testcase classname="Feature: get cloud storages get all cloud storages" name="Feature: get cloud storages get all cloud storages" time="0.004">
    </testcase>
    <testcase classname="Feature: get cloud storages get cloud storage by id" name="Feature: get cloud storages get cloud storage by id" time="0.002">
    </testcase>
    <testcase classname="Feature: get cloud storages get a cloud storage by an unknown id" name="Feature: get cloud storages get a cloud storage by an unknown id" time="0">
    </testcase>
    <testcase classname="Feature: get cloud storages get a cloud storage by an invalid id" name="Feature: get cloud storages get a cloud storage by an invalid id" time="0.032">
    </testcase>
    <testcase classname="Feature: get cloud storages get cloud storages by filters" name="Feature: get cloud storages get cloud storages by filters" time="0.001">
    </testcase>
    <testcase classname="Feature: get cloud storages get cloud storage by invalid filters" name="Feature: get cloud storages get cloud storage by invalid filters" time="0.001">
    </testcase>
    <testcase classname="Feature: create a cloud storage create new cloud storage without an id" name="Feature: create a cloud storage create new cloud storage without an id" time="0.002">
    </testcase>
    <testcase classname="Feature: update a cloud storage update cloud storage with some new field values" name="Feature: update a cloud storage update cloud storage with some new field values" time="0.002">
    </testcase>
    <testcase classname="Feature: update a cloud storage Update manifests in a cloud storage" name="Feature: update a cloud storage Update manifests in a cloud storage" time="0.001">
    </testcase>
    <testcase classname="Feature: delete a cloud storage delete a cloud storage" name="Feature: delete a cloud storage delete a cloud storage" time="0.003">
    </testcase>
  </testsuite>
  <testsuite name="Feature: set attributes for an object state" errors="0" failures="0" skipped="0" timestamp="2022-06-10T07:41:26" time="4.966" tests="14">
    <testcase classname="Feature: set attributes for an object state set a valid value" name="Feature: set attributes for an object state set a valid value" time="0.002">
    </testcase>
    <testcase classname="Feature: set attributes for an object state trying to set a bad value" name="Feature: set attributes for an object state trying to set a bad value" time="0.007">
    </testcase>
    <testcase classname="Feature: set points for an object state set a valid value" name="Feature: set points for an object state set a valid value" time="0">
    </testcase>
    <testcase classname="Feature: set points for an object state trying to set a bad value" name="Feature: set points for an object state trying to set a bad value" time="0.002">
    </testcase>
    <testcase classname="Feature: save object from its state save valid values for a shape" name="Feature: save object from its state save valid values for a shape" time="0.012">
    </testcase>
    <testcase classname="Feature: save object from its state save valid values for a track" name="Feature: save object from its state save valid values for a track" time="0.125">
    </testcase>
    <testcase classname="Feature: save object from its state save bad values for a shape" name="Feature: save object from its state save bad values for a shape" time="0.05">
    </testcase>
    <testcase classname="Feature: save object from its state save bad values for a track" name="Feature: save object from its state save bad values for a track" time="0.073">
    </testcase>
    <testcase classname="Feature: save object from its state trying to change locked shape" name="Feature: save object from its state trying to change locked shape" time="0.05">
    </testcase>
    <testcase classname="Feature: save object from its state trying to set too small area of a shape" name="Feature: save object from its state trying to set too small area of a shape" time="0.046">
    </testcase>
    <testcase classname="Feature: save object from its state trying to set too small area of a track" name="Feature: save object from its state trying to set too small area of a track" time="0.047">
    </testcase>
    <testcase classname="Feature: save object from its state trying to set too small length of a shape" name="Feature: save object from its state trying to set too small length of a shape" time="0.001">
    </testcase>
    <testcase classname="Feature: delete object delete a shape" name="Feature: delete object delete a shape" time="0.002">
    </testcase>
    <testcase classname="Feature: delete object delete a track" name="Feature: delete object delete a track" time="0.044">
    </testcase>
  </testsuite>
  <testsuite name="Feature: get annotations" errors="0" failures="0" skipped="0" timestamp="2022-06-10T07:41:25" time="5.792" tests="55">
    <testcase classname="Feature: get annotations get annotations from a task" name="Feature: get annotations get annotations from a task" time="0.022">
    </testcase>
    <testcase classname="Feature: get annotations get annotations from a job" name="Feature: get annotations get annotations from a job" time="0.024">
    </testcase>
    <testcase classname="Feature: get annotations get annotations for frame out of task" name="Feature: get annotations get annotations for frame out of task" time="0.046">
    </testcase>
    <testcase classname="Feature: get annotations get annotations for frame out of job" name="Feature: get annotations get annotations for frame out of job" time="0.001">
    </testcase>
    <testcase classname="Feature: get annotations get only ellipses" name="Feature: get annotations get only ellipses" time="0.014">
    </testcase>
    <testcase classname="Feature: get interpolated annotations get interpolated box" name="Feature: get interpolated annotations get interpolated box" time="0.078">
    </testcase>
    <testcase classname="Feature: get interpolated annotations get interpolated ellipse" name="Feature: get interpolated annotations get interpolated ellipse" time="0.055">
    </testcase>
    <testcase classname="Feature: put annotations put a shape to a task" name="Feature: put annotations put a shape to a task" time="0.047">
    </testcase>
    <testcase classname="Feature: put annotations put a shape to a job" name="Feature: put annotations put a shape to a job" time="0.003">
    </testcase>
    <testcase classname="Feature: put annotations put an ellipse shape to a job" name="Feature: put annotations put an ellipse shape to a job" time="0.002">
    </testcase>
    <testcase classname="Feature: put annotations put a track to a task" name="Feature: put annotations put a track to a task" time="0.049">
    </testcase>
    <testcase classname="Feature: put annotations put a track to a job" name="Feature: put annotations put a track to a job" time="0.001">
    </testcase>
    <testcase classname="Feature: put annotations put object without objectType to a task" name="Feature: put annotations put object without objectType to a task" time="0.053">
    </testcase>
    <testcase classname="Feature: put annotations put shape with bad attributes to a task" name="Feature: put annotations put shape with bad attributes to a task" time="0.049">
    </testcase>
    <testcase classname="Feature: put annotations put shape with bad zOrder to a task" name="Feature: put annotations put shape with bad zOrder to a task" time="0.047">
    </testcase>
    <testcase classname="Feature: put annotations put shape without points and with invalid points to a task" name="Feature: put annotations put shape without points and with invalid points to a task" time="0.057">
    </testcase>
    <testcase classname="Feature: put annotations put shape without type to a task" name="Feature: put annotations put shape without type to a task" time="0.049">
    </testcase>
    <testcase classname="Feature: put annotations put shape without label and with bad label to a task" name="Feature: put annotations put shape without label and with bad label to a task" time="0.045">
    </testcase>
    <testcase classname="Feature: put annotations put shape with bad frame to a task" name="Feature: put annotations put shape with bad frame to a task" time="0.043">
    </testcase>
    <testcase classname="Feature: check unsaved changes check unsaved changes in a task" name="Feature: check unsaved changes check unsaved changes in a task" time="0.044">
    </testcase>
    <testcase classname="Feature: check unsaved changes check unsaved changes in a job" name="Feature: check unsaved changes check unsaved changes in a job" time="0.002">
    </testcase>
    <testcase classname="Feature: save annotations create, save, undo, save, redo save" name="Feature: save annotations create, save, undo, save, redo save" time="0.074">
    </testcase>
    <testcase classname="Feature: save annotations create &amp; save annotations for a task" name="Feature: save annotations create &amp; save annotations for a task" time="0.047">
    </testcase>
    <testcase classname="Feature: save annotations update &amp; save annotations for a task" name="Feature: save annotations update &amp; save annotations for a task" time="0.045">
    </testcase>
    <testcase classname="Feature: save annotations delete &amp; save annotations for a task" name="Feature: save annotations delete &amp; save annotations for a task" time="0.045">
    </testcase>
    <testcase classname="Feature: save annotations create &amp; save annotations for a job" name="Feature: save annotations create &amp; save annotations for a job" time="0.002">
    </testcase>
    <testcase classname="Feature: save annotations update &amp; save annotations for a job" name="Feature: save annotations update &amp; save annotations for a job" time="0.002">
    </testcase>
    <testcase classname="Feature: save annotations delete &amp; save annotations for a job" name="Feature: save annotations delete &amp; save annotations for a job" time="0.002">
    </testcase>
    <testcase classname="Feature: save annotations delete &amp; save annotations for a job when there are a track and a shape with the same id" name="Feature: save annotations delete &amp; save annotations for a job when there are a track and a shape with the same id" time="0.001">
    </testcase>
    <testcase classname="Feature: merge annotations merge annotations in a task" name="Feature: merge annotations merge annotations in a task" time="0.003">
    </testcase>
    <testcase classname="Feature: merge annotations merge annotations in a job" name="Feature: merge annotations merge annotations in a job" time="0.003">
    </testcase>
    <testcase classname="Feature: merge annotations trying to merge not object state" name="Feature: merge annotations trying to merge not object state" time="0.002">
    </testcase>
    <testcase classname="Feature: merge annotations trying to merge object state which is not saved in a collection" name="Feature: merge annotations trying to merge object state which is not saved in a collection" time="0.001">
    </testcase>
    <testcase classname="Feature: merge annotations trying to merge with bad label" name="Feature: merge annotations trying to merge with bad label" time="0.002">
    </testcase>
    <testcase classname="Feature: merge annotations trying to merge with different shape types" name="Feature: merge annotations trying to merge with different shape types" time="0.001">
    </testcase>
    <testcase classname="Feature: merge annotations trying to merge with different labels" name="Feature: merge annotations trying to merge with different labels" time="0.002">
    </testcase>
    <testcase classname="Feature: split annotations split annotations in a task" name="Feature: split annotations split annotations in a task" time="0.046">
    </testcase>
    <testcase classname="Feature: split annotations split annotations in a job" name="Feature: split annotations split annotations in a job" time="0.005">
    </testcase>
    <testcase classname="Feature: split annotations split on a bad frame" name="Feature: split annotations split on a bad frame" time="0.044">
    </testcase>
    <testcase classname="Feature: group annotations group annotations in a task" name="Feature: group annotations group annotations in a task" time="0.006">
    </testcase>
    <testcase classname="Feature: group annotations group annotations in a job" name="Feature: group annotations group annotations in a job" time="0.001">
    </testcase>
    <testcase classname="Feature: group annotations trying to group object state which has not been saved in a collection" name="Feature: group annotations trying to group object state which has not been saved in a collection" time="0.001">
    </testcase>
    <testcase classname="Feature: group annotations trying to group not object state" name="Feature: group annotations trying to group not object state" time="0.001">
    </testcase>
    <testcase classname="Feature: clear annotations clear annotations in a task" name="Feature: clear annotations clear annotations in a task" time="0.002">
    </testcase>
    <testcase classname="Feature: clear annotations clear annotations in a job" name="Feature: clear annotations clear annotations in a job" time="0.001">
    </testcase>
    <testcase classname="Feature: clear annotations clear annotations with reload in a task" name="Feature: clear annotations clear annotations with reload in a task" time="0.002">
    </testcase>
    <testcase classname="Feature: clear annotations clear annotations with reload in a job" name="Feature: clear annotations clear annotations with reload in a job" time="0.002">
    </testcase>
    <testcase classname="Feature: clear annotations clear annotations with bad reload parameter" name="Feature: clear annotations clear annotations with bad reload parameter" time="0.001">
    </testcase>
    <testcase classname="Feature: get statistics get statistics from a task" name="Feature: get statistics get statistics from a task" time="0.001">
    </testcase>
    <testcase classname="Feature: get statistics get statistics from a job" name="Feature: get statistics get statistics from a job" time="0.006">
    </testcase>
    <testcase classname="Feature: select object select object in a task" name="Feature: select object select object in a task" time="0.003">
    </testcase>
    <testcase classname="Feature: select object select object in a job" name="Feature: select object select object in a job" time="0.002">
    </testcase>
    <testcase classname="Feature: select object trying to select from not object states" name="Feature: select object trying to select from not object states" time="0.003">
    </testcase>
    <testcase classname="Feature: select object trying to select with invalid coordinates" name="Feature: select object trying to select with invalid coordinates" time="0.002">
    </testcase>
    <testcase classname="Feature: search frame applying different filters" name="Feature: search frame applying different filters" time="0.025">
    </testcase>
  </testsuite>
</testsuites>